<?xml version="1.0" encoding="UTF-8"?>
<testsuite xmlns:xsi="http://www.w3.org/2001/XMLSchema-instance" xsi:noNamespaceSchemaLocation="https://maven.apache.org/surefire/maven-surefire-plugin/xsd/surefire-test-report-3.0.xsd" version="3.0" name="TestSuite" time="129.6" tests="8" errors="0" skipped="0" failures="0">
  <properties>
[...]
</properties>
  <testcase name="openWebSite" classname="testCases.PolicyBazaarTestCases" time="6.497">
    <system-out><![CDATA[[TestNGContentHandler] [WARN] It is strongly recommended to add "<!DOCTYPE suite SYSTEM "http://testng.org/testng-1.0.dtd" >" at the top of your file, otherwise TestNG may fail or not work as expected.
]]></system-out>
    <system-err><![CDATA[Starting ChromeDriver 89.0.4389.23 (61b08ee2c50024bab004e48d2b1b083cdbdac579-refs/branch-heads/4389@{#294}) on port 42861
Only local connections are allowed.
Please see https://chromedriver.chromium.org/security-considerations for suggestions on keeping ChromeDriver safe.
ChromeDriver was started successfully.
Apr 20, 2021 6:10:24 PM org.openqa.selenium.remote.ProtocolHandshake createSession
INFO: Detected dialect: W3C
]]></system-err>
  </testcase>
  <testcase name="displayLowestTravelPlans[{Start Date=19/05/2021, Traveller Mail ID=sathish@gmail.com, End Date=07/06/2021, Traveller Name=Mr. Sathish, Traveller Phone=9876543210, Country=Germany, Age 2=22, Age 1=21}](1)" classname="testCases.PolicyBazaarTestCases" time="22.647">
    <system-out><![CDATA[1: Insurance Provider's Name: Reliance
Amount: 2,363
********
2: Insurance Provider's Name: Bajaj
Amount: 2,436
********
3: Insurance Provider's Name: Religare
Amount: 2,953
********
]]></system-out>
  </testcase>
  <testcase name="displayLowestTravelPlans[{Start Date=19/05/2021, Traveller Mail ID=srihari@gmail.com, End Date=08/06/2021, Traveller Name=Mr. Sri hari, Traveller Phone=9879876565, Country=France, Age 2=22, Age 1=22}](2)" classname="testCases.PolicyBazaarTestCases" time="19.876">
    <system-out><![CDATA[1: Insurance Provider's Name: Reliance
Amount: 2,363
********
2: Insurance Provider's Name: Bajaj
Amount: 2,436
********
3: Insurance Provider's Name: Religare
Amount: 2,953
********
]]></system-out>
  </testcase>
  <testcase name="displayLowestTravelPlans[{Start Date=20/05/2021, Traveller Mail ID=rakesh@gmail.com, End Date=09/06/2021, Traveller Name=Mr. Rakesh, Traveller Phone=9876543210, Country=Italy, Age 2=21, Age 1=21}](3)" classname="testCases.PolicyBazaarTestCases" time="19.785">
    <system-out><![CDATA[1: Insurance Provider's Name: Reliance
Amount: 2,363
********
2: Insurance Provider's Name: Bajaj
Amount: 2,436
********
3: Insurance Provider's Name: Religare
Amount: 2,953
********
]]></system-out>
  </testcase>
  <testcase name="getErrorForInvalidDetails[{Owner Name=Rama Krishna, Owner Phone=9876543210, Fuel Variant=Petrol, RTO &amp; City Name=MH01, Owner Email=ramakrish.com, Model Variant=2.4, Car Name=HONDA }](1)" classname="testCases.PolicyBazaarTestCases" time="19.341"/>
  <testcase name="getErrorForInvalidDetails[{Owner Name=Rama Raju, Owner Phone=9876543210, Fuel Variant=Petrol, RTO &amp; City Name=MH02, Owner Email=ram@.com, Model Variant=1.6, Car Name=HONDA }](2)" classname="testCases.PolicyBazaarTestCases" time="18.277"/>
  <testcase name="getErrorForInvalidDetails[{Owner Name=sri, Owner Phone=9876565432, Fuel Variant=Petrol, RTO &amp; City Name=MH02, Owner Email=sri@/gmail.co, Model Variant=2.3, Car Name=HONDA}](3)" classname="testCases.PolicyBazaarTestCases" time="17.835"/>
  <testcase name="HealthInsuranceMenuList" classname="testCases.PolicyBazaarTestCases" time="2.491">
    <system-out><![CDATA[Family Health Insurance
Senior Citizen Health Insurance
Coronavirus Health Insurance
Arogya Sanjeevani Policy
Critical Illness Insurance
Mediclaim Policy
Best Health Insurance Plans
Health Insurance Claim
Health Insurance Calculator
]]></system-out>
  </testcase>
</testsuite>