<?xml version="1.0" encoding="UTF-8"?>
<!-- Generated by org.testng.reporters.JUnitXMLReporter -->
<testsuite hostname="LAPTOP-5LS33F06" ignored="0" name="Default test" tests="8" failures="0" timestamp="11 May 2021 15:38:58 GMT" time="151.137" errors="0">
  <testcase name="openWebSite" time="12.819" classname="testCases.PolicyBazaarTestCases"/>
  <testcase name="displayLowestTravelPlans" time="27.657" classname="testCases.PolicyBazaarTestCases"/>
  <testcase name="displayLowestTravelPlans" time="21.467" classname="testCases.PolicyBazaarTestCases"/>
  <testcase name="displayLowestTravelPlans" time="21.214" classname="testCases.PolicyBazaarTestCases"/>
  <testcase name="getErrorForInvalidDetails" time="22.349" classname="testCases.PolicyBazaarTestCases"/>
  <testcase name="getErrorForInvalidDetails" time="17.837" classname="testCases.PolicyBazaarTestCases"/>
  <testcase name="getErrorForInvalidDetails" time="18.172" classname="testCases.PolicyBazaarTestCases"/>
  <testcase name="HealthInsuranceMenuList" time="2.474" classname="testCases.PolicyBazaarTestCases"/>
</testsuite> <!-- Default test -->
