<?xml version="1.0" encoding="UTF-8"?>
<!-- Generated by org.testng.reporters.JUnitXMLReporter -->
<testsuite ignored="0" hostname="LAPTOP-LTBR06AT" failures="0" tests="7" name="Default test" time="149.968" errors="0" timestamp="30 Mar 2021 06:20:35 GMT">
  <testcase classname="testCases.DisplayThreeLowestTravelPlans" name="displayLowestTravelPlans" time="28.379"/>
  <testcase classname="testCases.DisplayThreeLowestTravelPlans" name="displayLowestTravelPlans" time="20.598"/>
  <testcase classname="testCases.DisplayThreeLowestTravelPlans" name="displayLowestTravelPlans" time="22.1"/>
  <testcase classname="testCases.GetErrorInCarInsuranceForm" name="getErrorForInvalidDetails" time="22.35"/>
  <testcase classname="testCases.GetErrorInCarInsuranceForm" name="getErrorForInvalidDetails" time="25.245"/>
  <testcase classname="testCases.GetErrorInCarInsuranceForm" name="getErrorForInvalidDetails" time="19.701"/>
  <testcase classname="testCases.GetInsuranceNameList" name="getInsuranceNameList" time="10.005"/>
</testsuite> <!-- Default test -->
